<?xml version="1.0" encoding="UTF-8"?>
<testng-results skipped="0" failed="0" total="1" passed="1">
  <reporter-output>
  </reporter-output>
  <suite name="Default suite" duration-ms="23951" started-at="2020-05-06T13:24:06Z" finished-at="2020-05-06T13:24:30Z">
    <groups>
    </groups>
    <test name="Default test" duration-ms="23951" started-at="2020-05-06T13:24:06Z" finished-at="2020-05-06T13:24:30Z">
      <class name="com.acti.TestCase.TasksPageTest">
        <test-method status="PASS" signature="PageStart()[pri:0, instance:com.acti.TestCase.TasksPageTest@5e5792a0]" name="PageStart" is-config="true" duration-ms="16012" started-at="2020-05-06T06:24:06Z" finished-at="2020-05-06T06:24:22Z">
          <reporter-output>
          </reporter-output>
        </test-method> <!-- PageStart -->
        <test-method status="PASS" signature="VerifyTaskClick()[pri:1, instance:com.acti.TestCase.TasksPageTest@5e5792a0]" name="VerifyTaskClick" duration-ms="7885" started-at="2020-05-06T06:24:22Z" finished-at="2020-05-06T06:24:30Z">
          <reporter-output>
          </reporter-output>
        </test-method> <!-- VerifyTaskClick -->
      </class> <!-- com.acti.TestCase.TasksPageTest -->
    </test> <!-- Default test -->
  </suite> <!-- Default suite -->
</testng-results>
